# JRE version: OpenJDK Runtime Environment (8.0_242-b01) (build 1.8.0_242-release-1644-b01)
# Java VM: OpenJDK 64-Bit Server VM (25.242-b01 mixed mode windows-amd64 compressed oops)
Heap:
 PSYoungGen      total 583168K, used 53768K [0x00000000d5580000, 0x00000000fda00000, 0x0000000100000000)
  eden space 571904K, 7% used [0x00000000d5580000,0x00000000d7f5e538,0x00000000f8400000)
  from space 11264K, 96% used [0x00000000fcf00000,0x00000000fd9a3b20,0x00000000fda00000)
  to   space 43008K, 0% used [0x00000000f8600000,0x00000000f8600000,0x00000000fb000000)
 ParOldGen       total 237568K, used 167840K [0x0000000080000000, 0x000000008e800000, 0x00000000d5580000)
  object space 237568K, 70% used [0x0000000080000000,0x000000008a3e8020,0x000000008e800000)
 Metaspace       used 113559K, capacity 120828K, committed 120984K, reserved 1155072K
  class space    used 14439K, capacity 15718K, committed 15792K, reserved 1048576K
GC Heap History (10 events):
Event: 1054.650 GC heap before
{Heap before GC invocations=30 (full 4):
 PSYoungGen      total 635904K, used 635860K [0x00000000d5580000, 0x0000000100000000, 0x0000000100000000)
  eden space 596992K, 100% used [0x00000000d5580000,0x00000000f9c80000,0x00000000f9c80000)
  from space 38912K, 99% used [0x00000000f9c80000,0x00000000fc2752e0,0x00000000fc280000)
  to   space 53760K, 0% used [0x00000000fcb80000,0x00000000fcb80000,0x0000000100000000)
 ParOldGen       total 237568K, used 164785K [0x0000000080000000, 0x000000008e800000, 0x00000000d5580000)
  object space 237568K, 69% used [0x0000000080000000,0x000000008a0ec4c0,0x000000008e800000)
 Metaspace       used 111764K, capacity 118286K, committed 118424K, reserved 1153024K
  class space    used 14307K, capacity 15503K, committed 15536K, reserved 1048576K
Event: 1054.681 GC heap after
Heap after GC invocations=30 (full 4):
 PSYoungGen      total 648192K, used 15908K [0x00000000d5580000, 0x0000000100000000, 0x0000000100000000)
  eden space 594432K, 0% used [0x00000000d5580000,0x00000000d5580000,0x00000000f9a00000)
  from space 53760K, 29% used [0x00000000fcb80000,0x00000000fdb090e8,0x0000000100000000)
  to   space 50688K, 0% used [0x00000000f9a00000,0x00000000f9a00000,0x00000000fcb80000)
 ParOldGen       total 237568K, used 166471K [0x0000000080000000, 0x000000008e800000, 0x00000000d5580000)
  object space 237568K, 70% used [0x0000000080000000,0x000000008a291f90,0x000000008e800000)
 Metaspace       used 111764K, capacity 118286K, committed 118424K, reserved 1153024K
  class space    used 14307K, capacity 15503K, committed 15536K, reserved 1048576K
}
Event: 1393.248 GC heap before
{Heap before GC invocations=31 (full 4):
 PSYoungGen      total 648192K, used 610340K [0x00000000d5580000, 0x0000000100000000, 0x0000000100000000)
  eden space 594432K, 100% used [0x00000000d5580000,0x00000000f9a00000,0x00000000f9a00000)
  from space 53760K, 29% used [0x00000000fcb80000,0x00000000fdb090e8,0x0000000100000000)
  to   space 50688K, 0% used [0x00000000f9a00000,0x00000000f9a00000,0x00000000fcb80000)
 ParOldGen       total 237568K, used 166471K [0x0000000080000000, 0x000000008e800000, 0x00000000d5580000)
  object space 237568K, 70% used [0x0000000080000000,0x000000008a291f90,0x000000008e800000)
 Metaspace       used 112554K, capacity 119182K, committed 119320K, reserved 1153024K
  class space    used 14353K, capacity 15563K, committed 15664K, reserved 1048576K
Event: 1393.270 GC heap after
Heap after GC invocations=31 (full 4):
 PSYoungGen      total 609792K, used 14860K [0x00000000d5580000, 0x00000000ff900000, 0x0000000100000000)
  eden space 594432K, 0% used [0x00000000d5580000,0x00000000d5580000,0x00000000f9a00000)
  from space 15360K, 96% used [0x00000000f9a00000,0x00000000fa8833e0,0x00000000fa900000)
  to   space 48640K, 0% used [0x00000000fc980000,0x00000000fc980000,0x00000000ff900000)
 ParOldGen       total 237568K, used 167816K [0x0000000080000000, 0x000000008e800000, 0x00000000d5580000)
  object space 237568K, 70% used [0x0000000080000000,0x000000008a3e2020,0x000000008e800000)
 Metaspace       used 112554K, capacity 119182K, committed 119320K, reserved 1153024K
  class space    used 14353K, capacity 15563K, committed 15664K, reserved 1048576K
}
Event: 2343.134 GC heap before
{Heap before GC invocations=32 (full 4):
 PSYoungGen      total 609792K, used 609292K [0x00000000d5580000, 0x00000000ff900000, 0x0000000100000000)
  eden space 594432K, 100% used [0x00000000d5580000,0x00000000f9a00000,0x00000000f9a00000)
  from space 15360K, 96% used [0x00000000f9a00000,0x00000000fa8833e0,0x00000000fa900000)
  to   space 48640K, 0% used [0x00000000fc980000,0x00000000fc980000,0x00000000ff900000)
 ParOldGen       total 237568K, used 167816K [0x0000000080000000, 0x000000008e800000, 0x00000000d5580000)
  object space 237568K, 70% used [0x0000000080000000,0x000000008a3e2020,0x000000008e800000)
 Metaspace       used 112731K, capacity 119462K, committed 119576K, reserved 1153024K
  class space    used 14360K, capacity 15577K, committed 15664K, reserved 1048576K
Event: 2343.147 GC heap after
Heap after GC invocations=32 (full 4):
 PSYoungGen      total 646144K, used 17138K [0x00000000d5580000, 0x0000000100000000, 0x0000000100000000)
  eden space 597504K, 0% used [0x00000000d5580000,0x00000000d5580000,0x00000000f9d00000)
  from space 48640K, 35% used [0x00000000fc980000,0x00000000fda3c9f8,0x00000000ff900000)
  to   space 45568K, 0% used [0x00000000f9d00000,0x00000000f9d00000,0x00000000fc980000)
 ParOldGen       total 237568K, used 167824K [0x0000000080000000, 0x000000008e800000, 0x00000000d5580000)
  object space 237568K, 70% used [0x0000000080000000,0x000000008a3e4020,0x000000008e800000)
 Metaspace       used 112731K, capacity 119462K, committed 119576K, reserved 1153024K
  class space    used 14360K, capacity 15577K, committed 15664K, reserved 1048576K
}
Event: 2399.580 GC heap before
{Heap before GC invocations=33 (full 4):
 PSYoungGen      total 646144K, used 614642K [0x00000000d5580000, 0x0000000100000000, 0x0000000100000000)
  eden space 597504K, 100% used [0x00000000d5580000,0x00000000f9d00000,0x00000000f9d00000)
  from space 48640K, 35% used [0x00000000fc980000,0x00000000fda3c9f8,0x00000000ff900000)
  to   space 45568K, 0% used [0x00000000f9d00000,0x00000000f9d00000,0x00000000fc980000)
 ParOldGen       total 237568K, used 167824K [0x0000000080000000, 0x000000008e800000, 0x00000000d5580000)
  object space 237568K, 70% used [0x0000000080000000,0x000000008a3e4020,0x000000008e800000)
 Metaspace       used 113045K, capacity 119726K, committed 119832K, reserved 1153024K
  class space    used 14361K, capacity 15577K, committed 15664K, reserved 1048576K
Event: 2399.601 GC heap after
Heap after GC invocations=33 (full 4):
 PSYoungGen      total 643072K, used 21206K [0x00000000d5580000, 0x00000000ffa00000, 0x0000000100000000)
  eden space 597504K, 0% used [0x00000000d5580000,0x00000000d5580000,0x00000000f9d00000)
  from space 45568K, 46% used [0x00000000f9d00000,0x00000000fb1b59e8,0x00000000fc980000)
  to   space 44032K, 0% used [0x00000000fcf00000,0x00000000fcf00000,0x00000000ffa00000)
 ParOldGen       total 237568K, used 167832K [0x0000000080000000, 0x000000008e800000, 0x00000000d5580000)
  object space 237568K, 70% used [0x0000000080000000,0x000000008a3e6020,0x000000008e800000)
 Metaspace       used 113045K, capacity 119726K, committed 119832K, reserved 1153024K
  class space    used 14361K, capacity 15577K, committed 15664K, reserved 1048576K
}
Event: 8219.796 GC heap before
{Heap before GC invocations=34 (full 4):
 PSYoungGen      total 643072K, used 618710K [0x00000000d5580000, 0x00000000ffa00000, 0x0000000100000000)
  eden space 597504K, 100% used [0x00000000d5580000,0x00000000f9d00000,0x00000000f9d00000)
  from space 45568K, 46% used [0x00000000f9d00000,0x00000000fb1b59e8,0x00000000fc980000)
  to   space 44032K, 0% used [0x00000000fcf00000,0x00000000fcf00000,0x00000000ffa00000)
 ParOldGen       total 237568K, used 167832K [0x0000000080000000, 0x000000008e800000, 0x00000000d5580000)
  object space 237568K, 70% used [0x0000000080000000,0x000000008a3e6020,0x000000008e800000)
 Metaspace       used 113524K, capacity 120764K, committed 120984K, reserved 1155072K
  class space    used 14439K, capacity 15718K, committed 15792K, reserved 1048576K
Event: 8219.895 GC heap after
Heap after GC invocations=34 (full 4):
 PSYoungGen      total 583168K, used 10894K [0x00000000d5580000, 0x00000000fda00000, 0x0000000100000000)
  eden space 571904K, 0% used [0x00000000d5580000,0x00000000d5580000,0x00000000f8400000)
  from space 11264K, 96% used [0x00000000fcf00000,0x00000000fd9a3b20,0x00000000fda00000)
  to   space 43008K, 0% used [0x00000000f8600000,0x00000000f8600000,0x00000000fb000000)
 ParOldGen       total 237568K, used 167840K [0x0000000080000000, 0x000000008e800000, 0x00000000d5580000)
  object space 237568K, 70% used [0x0000000080000000,0x000000008a3e8020,0x000000008e800000)
 Metaspace       used 113524K, capacity 120764K, committed 120984K, reserved 1155072K
  class space    used 14439K, capacity 15718K, committed 15792K, reserved 1048576K
}

